Build started 10/11/2015 9:21:19.
     1>Project "C:\Users\usuario\Documents\GitHub\PPT_P2_Grupo02\Cliente\cliente.vcxproj" on node 2 (Build target(s)).
     1>ClCompile:
         C:\Program Files (x86)\Microsoft Visual Studio 11.0\VC\bin\CL.exe /c /ZI /nologo /W3 /WX- /Od /Oy- /D WIN32 /D _DEBUG /D _CONSOLE /D _UNICODE /D UNICODE /Gm /EHsc /RTC1 /MDd /GS /fp:precise /Zc:wchar_t /Zc:forScope /Fo"Debug\\" /Fd"Debug\vc110.pdb" /Gd /TC /analyze- /errorReport:prompt ..\..\..\..\Desktop\cliente.c
         cliente.c
     1>c:\users\usuario\desktop\cliente.c(72): warning C4996: 'gets': This function or variable may be unsafe. Consider using gets_s instead. To disable deprecation, use _CRT_SECURE_NO_WARNINGS. See online help for details.
                 c:\program files (x86)\microsoft visual studio 11.0\vc\include\stdio.h(261) : vea la declaración de 'gets'
     1>c:\users\usuario\desktop\cliente.c(75): warning C4996: 'strcpy': This function or variable may be unsafe. Consider using strcpy_s instead. To disable deprecation, use _CRT_SECURE_NO_WARNINGS. See online help for details.
                 c:\program files (x86)\microsoft visual studio 11.0\vc\include\string.h(110) : vea la declaración de 'strcpy'
     1>c:\users\usuario\desktop\cliente.c(104): warning C4996: 'gets': This function or variable may be unsafe. Consider using gets_s instead. To disable deprecation, use _CRT_SECURE_NO_WARNINGS. See online help for details.
                 c:\program files (x86)\microsoft visual studio 11.0\vc\include\stdio.h(261) : vea la declaración de 'gets'
     1>c:\users\usuario\desktop\cliente.c(117): warning C4996: 'gets': This function or variable may be unsafe. Consider using gets_s instead. To disable deprecation, use _CRT_SECURE_NO_WARNINGS. See online help for details.
                 c:\program files (x86)\microsoft visual studio 11.0\vc\include\stdio.h(261) : vea la declaración de 'gets'
     1>c:\users\usuario\desktop\cliente.c(130): warning C4996: 'gets': This function or variable may be unsafe. Consider using gets_s instead. To disable deprecation, use _CRT_SECURE_NO_WARNINGS. See online help for details.
                 c:\program files (x86)\microsoft visual studio 11.0\vc\include\stdio.h(261) : vea la declaración de 'gets'
       Link:
         C:\Program Files (x86)\Microsoft Visual Studio 11.0\VC\bin\link.exe /ERRORREPORT:PROMPT /OUT:"C:\Users\usuario\Documents\GitHub\PPT_P2_Grupo02\Cliente\Debug\cliente.exe" /INCREMENTAL /NOLOGO wsock32.lib kernel32.lib user32.lib gdi32.lib winspool.lib comdlg32.lib advapi32.lib shell32.lib ole32.lib oleaut32.lib uuid.lib odbc32.lib odbccp32.lib kernel32.lib user32.lib gdi32.lib winspool.lib comdlg32.lib advapi32.lib shell32.lib ole32.lib oleaut32.lib uuid.lib odbc32.lib odbccp32.lib /MANIFEST /MANIFESTUAC:"level='asInvoker' uiAccess='false'" /manifest:embed /DEBUG /PDB:"C:\Users\usuario\Documents\GitHub\PPT_P2_Grupo02\Cliente\Debug\cliente.pdb" /SUBSYSTEM:CONSOLE /TLBID:1 /DYNAMICBASE /NXCOMPAT /IMPLIB:"C:\Users\usuario\Documents\GitHub\PPT_P2_Grupo02\Cliente\Debug\cliente.lib" /MACHINE:X86 Debug\cliente.obj
         cliente.vcxproj -> C:\Users\usuario\Documents\GitHub\PPT_P2_Grupo02\Cliente\Debug\cliente.exe
     1>Done Building Project "C:\Users\usuario\Documents\GitHub\PPT_P2_Grupo02\Cliente\cliente.vcxproj" (Build target(s)).

Build succeeded.

Time Elapsed 00:00:00.38
